0 info it worked if it ends with ok
1 verbose cli [ '/usr/bin/nodejs', '/usr/bin/npm', 'install', 'node' ]
2 info using npm@3.5.2
3 info using node@v4.7.2
4 verbose config Skipping project config: /home/mahamitra/.npmrc. (matches userconfig)
5 silly loadCurrentTree Starting
6 silly install loadCurrentTree
7 silly install readLocalPackageData
8 silly fetchPackageMetaData node
9 silly fetchNamedPackageData node
10 silly mapToRegistry name node
11 silly mapToRegistry using default registry
12 silly mapToRegistry registry https://registry.npmjs.org/
13 silly mapToRegistry uri https://registry.npmjs.org/node
14 verbose request uri https://registry.npmjs.org/node
15 verbose request no auth needed
16 info attempt registry request try #1 at 10:16:39 PM
17 verbose request id bb396c452562f31d
18 http request GET https://registry.npmjs.org/node
19 http 200 https://registry.npmjs.org/node
20 verbose headers { server: 'nginx/1.10.1',
20 verbose headers   'content-type': 'application/json',
20 verbose headers   'last-modified': 'Thu, 28 Sep 2017 22:13:50 GMT',
20 verbose headers   etag: 'W/"59cd741e-4e34a"',
20 verbose headers   'content-encoding': 'gzip',
20 verbose headers   'cache-control': 'max-age=300',
20 verbose headers   'content-length': '51508',
20 verbose headers   'accept-ranges': 'bytes',
20 verbose headers   date: 'Sat, 28 Oct 2017 02:16:39 GMT',
20 verbose headers   via: '1.1 varnish',
20 verbose headers   age: '0',
20 verbose headers   connection: 'keep-alive',
20 verbose headers   'x-served-by': 'cache-ewr18131-EWR',
20 verbose headers   'x-cache': 'MISS',
20 verbose headers   'x-cache-hits': '0',
20 verbose headers   'x-timer': 'S1509157000.689898,VS0,VE69',
20 verbose headers   vary: 'Accept-Encoding, Accept' }
21 silly get cb [ 200,
21 silly get   { server: 'nginx/1.10.1',
21 silly get     'content-type': 'application/json',
21 silly get     'last-modified': 'Thu, 28 Sep 2017 22:13:50 GMT',
21 silly get     etag: 'W/"59cd741e-4e34a"',
21 silly get     'content-encoding': 'gzip',
21 silly get     'cache-control': 'max-age=300',
21 silly get     'content-length': '51508',
21 silly get     'accept-ranges': 'bytes',
21 silly get     date: 'Sat, 28 Oct 2017 02:16:39 GMT',
21 silly get     via: '1.1 varnish',
21 silly get     age: '0',
21 silly get     connection: 'keep-alive',
21 silly get     'x-served-by': 'cache-ewr18131-EWR',
21 silly get     'x-cache': 'MISS',
21 silly get     'x-cache-hits': '0',
21 silly get     'x-timer': 'S1509157000.689898,VS0,VE69',
21 silly get     vary: 'Accept-Encoding, Accept' } ]
22 verbose get saving node to /home/mahamitra/.npm/registry.npmjs.org/node/.cache.json
23 verbose makeDirectory /home/mahamitra/.npm creation not in flight; initializing
24 silly makeDirectory /home/mahamitra/.npm uid: 1000 gid: 1000
25 silly install normalizeTree
26 silly loadCurrentTree Finishing
27 silly loadIdealTree Starting
28 silly install loadIdealTree
29 silly cloneCurrentTree Starting
30 silly install cloneCurrentTreeToIdealTree
31 silly cloneCurrentTree Finishing
32 silly loadShrinkwrap Starting
33 silly install loadShrinkwrap
34 silly loadShrinkwrap Finishing
35 silly loadAllDepsIntoIdealTree Starting
36 silly install loadAllDepsIntoIdealTree
37 silly resolveWithNewModule node@8.3.0 checking installable status
38 silly cache add args [ 'node', null ]
39 verbose cache add spec node
40 silly cache add parsed spec Result {
40 silly cache add   raw: 'node',
40 silly cache add   scope: null,
40 silly cache add   name: 'node',
40 silly cache add   rawSpec: '',
40 silly cache add   spec: 'latest',
40 silly cache add   type: 'tag' }
41 silly addNamed node@latest
42 verbose addNamed "latest" is being treated as a dist-tag for node
43 info addNameTag [ 'node', 'latest' ]
44 silly mapToRegistry name node
45 silly mapToRegistry using default registry
46 silly mapToRegistry registry https://registry.npmjs.org/
47 silly mapToRegistry uri https://registry.npmjs.org/node
48 verbose addNameTag registry:https://registry.npmjs.org/node not in flight; fetching
49 verbose get https://registry.npmjs.org/node not expired, no request
50 silly addNameTag next cb for node with tag latest
51 silly addNamed node@8.3.0
52 verbose addNamed "8.3.0" is a plain semver version for node
53 silly mapToRegistry name node
54 silly mapToRegistry using default registry
55 silly mapToRegistry registry https://registry.npmjs.org/
56 silly mapToRegistry uri https://registry.npmjs.org/node
57 verbose addRemoteTarball https://registry.npmjs.org/node/-/node-8.3.0.tgz not in flight; adding
58 verbose addRemoteTarball [ 'https://registry.npmjs.org/node/-/node-8.3.0.tgz',
58 verbose addRemoteTarball   '478e84ffcc4be39938306ace1c4613c8231e5f44' ]
59 info retry fetch attempt 1 at 10:16:40 PM
60 info attempt registry request try #1 at 10:16:40 PM
61 http fetch GET https://registry.npmjs.org/node/-/node-8.3.0.tgz
62 http fetch 200 https://registry.npmjs.org/node/-/node-8.3.0.tgz
63 silly fetchAndShaCheck shasum 478e84ffcc4be39938306ace1c4613c8231e5f44
64 verbose addTmpTarball /tmp/npm-19482-dd10ac1b/registry.npmjs.org/node/-/node-8.3.0.tgz not in flight; adding
65 verbose addTmpTarball already have metadata; skipping unpack for node@8.3.0
66 silly cache afterAdd node@8.3.0
67 verbose afterAdd /home/mahamitra/.npm/node/8.3.0/package/package.json not in flight; writing
68 verbose afterAdd /home/mahamitra/.npm/node/8.3.0/package/package.json written
69 silly fetchNamedPackageData node-bin-setup
70 silly mapToRegistry name node-bin-setup
71 silly mapToRegistry using default registry
72 silly mapToRegistry registry https://registry.npmjs.org/
73 silly mapToRegistry uri https://registry.npmjs.org/node-bin-setup
74 verbose request uri https://registry.npmjs.org/node-bin-setup
75 verbose request no auth needed
76 info attempt registry request try #1 at 10:16:40 PM
77 http request GET https://registry.npmjs.org/node-bin-setup
78 http 200 https://registry.npmjs.org/node-bin-setup
79 verbose headers { server: 'nginx/1.10.1',
79 verbose headers   'content-type': 'application/json',
79 verbose headers   'last-modified': 'Tue, 25 Jul 2017 03:32:58 GMT',
79 verbose headers   etag: 'W/"5976bbea-1511"',
79 verbose headers   'content-encoding': 'gzip',
79 verbose headers   'cache-control': 'max-age=300',
79 verbose headers   'content-length': '1464',
79 verbose headers   'accept-ranges': 'bytes',
79 verbose headers   date: 'Sat, 28 Oct 2017 02:16:40 GMT',
79 verbose headers   via: '1.1 varnish',
79 verbose headers   age: '0',
79 verbose headers   connection: 'keep-alive',
79 verbose headers   'x-served-by': 'cache-ewr18131-EWR',
79 verbose headers   'x-cache': 'MISS',
79 verbose headers   'x-cache-hits': '0',
79 verbose headers   'x-timer': 'S1509157001.913203,VS0,VE67',
79 verbose headers   vary: 'Accept-Encoding, Accept' }
80 silly get cb [ 200,
80 silly get   { server: 'nginx/1.10.1',
80 silly get     'content-type': 'application/json',
80 silly get     'last-modified': 'Tue, 25 Jul 2017 03:32:58 GMT',
80 silly get     etag: 'W/"5976bbea-1511"',
80 silly get     'content-encoding': 'gzip',
80 silly get     'cache-control': 'max-age=300',
80 silly get     'content-length': '1464',
80 silly get     'accept-ranges': 'bytes',
80 silly get     date: 'Sat, 28 Oct 2017 02:16:40 GMT',
80 silly get     via: '1.1 varnish',
80 silly get     age: '0',
80 silly get     connection: 'keep-alive',
80 silly get     'x-served-by': 'cache-ewr18131-EWR',
80 silly get     'x-cache': 'MISS',
80 silly get     'x-cache-hits': '0',
80 silly get     'x-timer': 'S1509157001.913203,VS0,VE67',
80 silly get     vary: 'Accept-Encoding, Accept' } ]
81 verbose get saving node-bin-setup to /home/mahamitra/.npm/registry.npmjs.org/node-bin-setup/.cache.json
82 silly resolveWithNewModule node-bin-setup@1.0.6 checking installable status
83 silly cache add args [ 'node-bin-setup@^1.0.0', null ]
84 verbose cache add spec node-bin-setup@^1.0.0
85 silly cache add parsed spec Result {
85 silly cache add   raw: 'node-bin-setup@^1.0.0',
85 silly cache add   scope: null,
85 silly cache add   name: 'node-bin-setup',
85 silly cache add   rawSpec: '^1.0.0',
85 silly cache add   spec: '>=1.0.0 <2.0.0',
85 silly cache add   type: 'range' }
86 silly addNamed node-bin-setup@>=1.0.0 <2.0.0
87 verbose addNamed ">=1.0.0 <2.0.0" is a valid semver range for node-bin-setup
88 silly addNameRange { name: 'node-bin-setup',
88 silly addNameRange   range: '>=1.0.0 <2.0.0',
88 silly addNameRange   hasData: false }
89 silly mapToRegistry name node-bin-setup
90 silly mapToRegistry using default registry
91 silly mapToRegistry registry https://registry.npmjs.org/
92 silly mapToRegistry uri https://registry.npmjs.org/node-bin-setup
93 verbose addNameRange registry:https://registry.npmjs.org/node-bin-setup not in flight; fetching
94 verbose get https://registry.npmjs.org/node-bin-setup not expired, no request
95 silly addNameRange number 2 { name: 'node-bin-setup',
95 silly addNameRange   range: '>=1.0.0 <2.0.0',
95 silly addNameRange   hasData: true }
96 silly addNameRange versions [ 'node-bin-setup',
96 silly addNameRange   [ '1.0.0', '1.0.1', '1.0.2', '1.0.3', '1.0.4', '1.0.6' ] ]
97 silly addNamed node-bin-setup@1.0.6
98 verbose addNamed "1.0.6" is a plain semver version for node-bin-setup
99 silly mapToRegistry name node-bin-setup
100 silly mapToRegistry using default registry
101 silly mapToRegistry registry https://registry.npmjs.org/
102 silly mapToRegistry uri https://registry.npmjs.org/node-bin-setup
103 verbose addRemoteTarball https://registry.npmjs.org/node-bin-setup/-/node-bin-setup-1.0.6.tgz not in flight; adding
104 verbose addRemoteTarball [ 'https://registry.npmjs.org/node-bin-setup/-/node-bin-setup-1.0.6.tgz',
104 verbose addRemoteTarball   '4b5c9bb937ece702d7069b36ca78af4684677528' ]
105 info retry fetch attempt 1 at 10:16:40 PM
106 info attempt registry request try #1 at 10:16:40 PM
107 http fetch GET https://registry.npmjs.org/node-bin-setup/-/node-bin-setup-1.0.6.tgz
108 http fetch 200 https://registry.npmjs.org/node-bin-setup/-/node-bin-setup-1.0.6.tgz
109 silly fetchAndShaCheck shasum 4b5c9bb937ece702d7069b36ca78af4684677528
110 verbose addTmpTarball /tmp/npm-19482-dd10ac1b/registry.npmjs.org/node-bin-setup/-/node-bin-setup-1.0.6.tgz not in flight; adding
111 verbose addTmpTarball already have metadata; skipping unpack for node-bin-setup@1.0.6
112 silly cache afterAdd node-bin-setup@1.0.6
113 verbose afterAdd /home/mahamitra/.npm/node-bin-setup/1.0.6/package/package.json not in flight; writing
114 verbose afterAdd /home/mahamitra/.npm/node-bin-setup/1.0.6/package/package.json written
115 silly loadAllDepsIntoIdealTree Finishing
116 silly idealTree:prePrune mahamitra
116 silly idealTree:prePrune ├── accepts@1.3.4
116 silly idealTree:prePrune ├── array-flatten@1.1.1
116 silly idealTree:prePrune ├── body-parser@1.18.2
116 silly idealTree:prePrune ├── bytes@3.0.0
116 silly idealTree:prePrune ├── content-disposition@0.5.2
116 silly idealTree:prePrune ├── content-type@1.0.4
116 silly idealTree:prePrune ├── cookie-signature@1.0.6
116 silly idealTree:prePrune ├── cookie@0.3.1
116 silly idealTree:prePrune ├── debug@2.6.9
116 silly idealTree:prePrune ├── depd@1.1.1
116 silly idealTree:prePrune ├── destroy@1.0.4
116 silly idealTree:prePrune ├── ee-first@1.1.1
116 silly idealTree:prePrune ├── encodeurl@1.0.1
116 silly idealTree:prePrune ├── escape-html@1.0.3
116 silly idealTree:prePrune ├── etag@1.8.1
116 silly idealTree:prePrune ├── express@4.16.2
116 silly idealTree:prePrune ├── finalhandler@1.1.0
116 silly idealTree:prePrune ├── forwarded@0.1.2
116 silly idealTree:prePrune ├── fresh@0.5.2
116 silly idealTree:prePrune ├─┬ http-errors@1.6.2
116 silly idealTree:prePrune │ └── setprototypeof@1.0.3
116 silly idealTree:prePrune ├── iconv-lite@0.4.19
116 silly idealTree:prePrune ├── inherits@2.0.3
116 silly idealTree:prePrune ├── ipaddr.js@1.5.2
116 silly idealTree:prePrune ├── media-typer@0.3.0
116 silly idealTree:prePrune ├── merge-descriptors@1.0.1
116 silly idealTree:prePrune ├── methods@1.1.2
116 silly idealTree:prePrune ├── mime-db@1.30.0
116 silly idealTree:prePrune ├── mime-types@2.1.17
116 silly idealTree:prePrune ├── mime@1.4.1
116 silly idealTree:prePrune ├── ms@2.0.0
116 silly idealTree:prePrune ├── negotiator@0.6.1
116 silly idealTree:prePrune ├── node-bin-setup@1.0.6
116 silly idealTree:prePrune ├── node@8.3.0
116 silly idealTree:prePrune ├── on-finished@2.3.0
116 silly idealTree:prePrune ├── parseurl@1.3.2
116 silly idealTree:prePrune ├── path-to-regexp@0.1.7
116 silly idealTree:prePrune ├── proxy-addr@2.0.2
116 silly idealTree:prePrune ├── qs@6.5.1
116 silly idealTree:prePrune ├── range-parser@1.2.0
116 silly idealTree:prePrune ├── raw-body@2.3.2
116 silly idealTree:prePrune ├── safe-buffer@5.1.1
116 silly idealTree:prePrune ├── send@0.16.1
116 silly idealTree:prePrune ├── serve-static@1.13.1
116 silly idealTree:prePrune ├── setprototypeof@1.1.0
116 silly idealTree:prePrune ├── statuses@1.3.1
116 silly idealTree:prePrune ├── type-is@1.6.15
116 silly idealTree:prePrune ├── unpipe@1.0.0
116 silly idealTree:prePrune ├── utils-merge@1.0.1
116 silly idealTree:prePrune └── vary@1.1.2
117 silly loadIdealTree Finishing
118 silly currentTree mahamitra
118 silly currentTree ├── accepts@1.3.4
118 silly currentTree ├── array-flatten@1.1.1
118 silly currentTree ├── body-parser@1.18.2
118 silly currentTree ├── bytes@3.0.0
118 silly currentTree ├── content-disposition@0.5.2
118 silly currentTree ├── content-type@1.0.4
118 silly currentTree ├── cookie-signature@1.0.6
118 silly currentTree ├── cookie@0.3.1
118 silly currentTree ├── debug@2.6.9
118 silly currentTree ├── depd@1.1.1
118 silly currentTree ├── destroy@1.0.4
118 silly currentTree ├── ee-first@1.1.1
118 silly currentTree ├── encodeurl@1.0.1
118 silly currentTree ├── escape-html@1.0.3
118 silly currentTree ├── etag@1.8.1
118 silly currentTree ├── express@4.16.2
118 silly currentTree ├── finalhandler@1.1.0
118 silly currentTree ├── forwarded@0.1.2
118 silly currentTree ├── fresh@0.5.2
118 silly currentTree ├─┬ http-errors@1.6.2
118 silly currentTree │ └── setprototypeof@1.0.3
118 silly currentTree ├── iconv-lite@0.4.19
118 silly currentTree ├── inherits@2.0.3
118 silly currentTree ├── ipaddr.js@1.5.2
118 silly currentTree ├── media-typer@0.3.0
118 silly currentTree ├── merge-descriptors@1.0.1
118 silly currentTree ├── methods@1.1.2
118 silly currentTree ├── mime-db@1.30.0
118 silly currentTree ├── mime-types@2.1.17
118 silly currentTree ├── mime@1.4.1
118 silly currentTree ├── ms@2.0.0
118 silly currentTree ├── negotiator@0.6.1
118 silly currentTree ├── on-finished@2.3.0
118 silly currentTree ├── parseurl@1.3.2
118 silly currentTree ├── path-to-regexp@0.1.7
118 silly currentTree ├── proxy-addr@2.0.2
118 silly currentTree ├── qs@6.5.1
118 silly currentTree ├── range-parser@1.2.0
118 silly currentTree ├── raw-body@2.3.2
118 silly currentTree ├── safe-buffer@5.1.1
118 silly currentTree ├── send@0.16.1
118 silly currentTree ├── serve-static@1.13.1
118 silly currentTree ├── setprototypeof@1.1.0
118 silly currentTree ├── statuses@1.3.1
118 silly currentTree ├── type-is@1.6.15
118 silly currentTree ├── unpipe@1.0.0
118 silly currentTree ├── utils-merge@1.0.1
118 silly currentTree └── vary@1.1.2
119 silly idealTree mahamitra
119 silly idealTree ├── accepts@1.3.4
119 silly idealTree ├── array-flatten@1.1.1
119 silly idealTree ├── body-parser@1.18.2
119 silly idealTree ├── bytes@3.0.0
119 silly idealTree ├── content-disposition@0.5.2
119 silly idealTree ├── content-type@1.0.4
119 silly idealTree ├── cookie-signature@1.0.6
119 silly idealTree ├── cookie@0.3.1
119 silly idealTree ├── debug@2.6.9
119 silly idealTree ├── depd@1.1.1
119 silly idealTree ├── destroy@1.0.4
119 silly idealTree ├── ee-first@1.1.1
119 silly idealTree ├── encodeurl@1.0.1
119 silly idealTree ├── escape-html@1.0.3
119 silly idealTree ├── etag@1.8.1
119 silly idealTree ├── express@4.16.2
119 silly idealTree ├── finalhandler@1.1.0
119 silly idealTree ├── forwarded@0.1.2
119 silly idealTree ├── fresh@0.5.2
119 silly idealTree ├─┬ http-errors@1.6.2
119 silly idealTree │ └── setprototypeof@1.0.3
119 silly idealTree ├── iconv-lite@0.4.19
119 silly idealTree ├── inherits@2.0.3
119 silly idealTree ├── ipaddr.js@1.5.2
119 silly idealTree ├── media-typer@0.3.0
119 silly idealTree ├── merge-descriptors@1.0.1
119 silly idealTree ├── methods@1.1.2
119 silly idealTree ├── mime-db@1.30.0
119 silly idealTree ├── mime-types@2.1.17
119 silly idealTree ├── mime@1.4.1
119 silly idealTree ├── ms@2.0.0
119 silly idealTree ├── negotiator@0.6.1
119 silly idealTree ├── node-bin-setup@1.0.6
119 silly idealTree ├── node@8.3.0
119 silly idealTree ├── on-finished@2.3.0
119 silly idealTree ├── parseurl@1.3.2
119 silly idealTree ├── path-to-regexp@0.1.7
119 silly idealTree ├── proxy-addr@2.0.2
119 silly idealTree ├── qs@6.5.1
119 silly idealTree ├── range-parser@1.2.0
119 silly idealTree ├── raw-body@2.3.2
119 silly idealTree ├── safe-buffer@5.1.1
119 silly idealTree ├── send@0.16.1
119 silly idealTree ├── serve-static@1.13.1
119 silly idealTree ├── setprototypeof@1.1.0
119 silly idealTree ├── statuses@1.3.1
119 silly idealTree ├── type-is@1.6.15
119 silly idealTree ├── unpipe@1.0.0
119 silly idealTree ├── utils-merge@1.0.1
119 silly idealTree └── vary@1.1.2
120 silly generateActionsToTake Starting
121 silly install generateActionsToTake
122 warn checkPermissions Missing write access to /home/mahamitra/node_modules
123 silly rollbackFailedOptional Starting
124 silly rollbackFailedOptional Finishing
125 silly runTopLevelLifecycles Starting
126 silly runTopLevelLifecycles Finishing
127 silly install printInstalled
128 warn enoent ENOENT: no such file or directory, open '/home/mahamitra/package.json'
129 warn mahamitra No description
130 warn mahamitra No repository field.
131 warn mahamitra No README data
132 warn mahamitra No license field.
133 verbose stack Error: EACCES: permission denied, access '/home/mahamitra/node_modules'
133 verbose stack     at Error (native)
134 verbose cwd /home/mahamitra/Desktop/Code For Good
135 error Linux 4.10.0-37-generic
136 error argv "/usr/bin/nodejs" "/usr/bin/npm" "install" "node"
137 error node v4.7.2
138 error npm  v3.5.2
139 error path /home/mahamitra/node_modules
140 error code EACCES
141 error errno -13
142 error syscall access
143 error Error: EACCES: permission denied, access '/home/mahamitra/node_modules'
143 error     at Error (native)
143 error  { [Error: EACCES: permission denied, access '/home/mahamitra/node_modules']
143 error   errno: -13,
143 error   code: 'EACCES',
143 error   syscall: 'access',
143 error   path: '/home/mahamitra/node_modules' }
144 error Please try running this command again as root/Administrator.
145 verbose exit [ -13, true ]
